0 info it worked if it ends with ok
1 verbose cli [ '/usr/bin/node', '/usr/bin/npm', 'run', 'test' ]
2 info using npm@3.3.12
3 info using node@v5.3.0
4 verbose run-script [ 'pretest', 'test', 'posttest' ]
5 info lifecycle flappy-bird-canvas@0.1.0~pretest: flappy-bird-canvas@0.1.0
6 silly lifecycle flappy-bird-canvas@0.1.0~pretest: no script for pretest, continuing
7 info lifecycle flappy-bird-canvas@0.1.0~test: flappy-bird-canvas@0.1.0
8 verbose lifecycle flappy-bird-canvas@0.1.0~test: unsafe-perm in lifecycle true
9 verbose lifecycle flappy-bird-canvas@0.1.0~test: PATH: /home/fredrb/app/node-v5.3.0-linux-x64/lib/node_modules/npm/bin/node-gyp-bin:/home/fredrb/code/web/flappy-bird-canvas/node_modules/.bin:/usr/lib64/qt-3.3/bin:/usr/local/bin:/usr/local/sbin:/usr/bin:/usr/sbin:/bin:/sbin:/home/fredrb/bin:/home/fredrb/app/WebStorm/bin/:/home/fredrb/Android/Sdk/platform-tools
10 verbose lifecycle flappy-bird-canvas@0.1.0~test: CWD: /home/fredrb/code/web/flappy-bird-canvas
11 silly lifecycle flappy-bird-canvas@0.1.0~test: Args: [ '-c',
11 silly lifecycle   './node_modules/mocha-phantomjs/bin/mocha-phantomjs test/bind.html' ]
12 silly lifecycle flappy-bird-canvas@0.1.0~test: Returned: code: 1  signal: null
13 info lifecycle flappy-bird-canvas@0.1.0~test: Failed to exec test script
14 verbose stack Error: flappy-bird-canvas@0.1.0 test: `./node_modules/mocha-phantomjs/bin/mocha-phantomjs test/bind.html`
14 verbose stack Exit status 1
14 verbose stack     at EventEmitter.<anonymous> (/home/fredrb/app/node-v5.3.0-linux-x64/lib/node_modules/npm/lib/utils/lifecycle.js:232:16)
14 verbose stack     at emitTwo (events.js:87:13)
14 verbose stack     at EventEmitter.emit (events.js:172:7)
14 verbose stack     at ChildProcess.<anonymous> (/home/fredrb/app/node-v5.3.0-linux-x64/lib/node_modules/npm/lib/utils/spawn.js:24:14)
14 verbose stack     at emitTwo (events.js:87:13)
14 verbose stack     at ChildProcess.emit (events.js:172:7)
14 verbose stack     at maybeClose (internal/child_process.js:818:16)
14 verbose stack     at Process.ChildProcess._handle.onexit (internal/child_process.js:211:5)
15 verbose pkgid flappy-bird-canvas@0.1.0
16 verbose cwd /home/fredrb/code/web/flappy-bird-canvas
17 error Linux 4.0.4-303.fc22.x86_64
18 error argv "/usr/bin/node" "/usr/bin/npm" "run" "test"
19 error node v5.3.0
20 error npm  v3.3.12
21 error code ELIFECYCLE
22 error flappy-bird-canvas@0.1.0 test: `./node_modules/mocha-phantomjs/bin/mocha-phantomjs test/bind.html`
22 error Exit status 1
23 error Failed at the flappy-bird-canvas@0.1.0 test script './node_modules/mocha-phantomjs/bin/mocha-phantomjs test/bind.html'.
23 error Make sure you have the latest version of node.js and npm installed.
23 error If you do, this is most likely a problem with the flappy-bird-canvas package,
23 error not with npm itself.
23 error Tell the author that this fails on your system:
23 error     ./node_modules/mocha-phantomjs/bin/mocha-phantomjs test/bind.html
23 error You can get their info via:
23 error     npm owner ls flappy-bird-canvas
23 error There is likely additional logging output above.
24 verbose exit [ 1, true ]
